Determining if files dlfcn.h exist failed with the following output:
Change Dir: C:/Users/subhan/Desktop/led_analyzer/testbin/external/libusb/libusb-1.0.19/src/TARGET_libusb-build/CMakeFiles/CMakeTmp

Run Build Command:"C:/TDM-GCC-64/bin/mingw32-make.exe" "cmTryCompileExec257302093/fast"
mingw32-make.exe[3]: Entering directory 'C:/Users/subhan/Desktop/led_analyzer/testbin/external/libusb/libusb-1.0.19/src/TARGET_libusb-build/CMakeFiles/CMakeTmp'
C:/TDM-GCC-64/bin/mingw32-make.exe -f CMakeFiles\cmTryCompileExec257302093.dir\build.make CMakeFiles/cmTryCompileExec257302093.dir/build
mingw32-make.exe[4]: Entering directory 'C:/Users/subhan/Desktop/led_analyzer/testbin/external/libusb/libusb-1.0.19/src/TARGET_libusb-build/CMakeFiles/CMakeTmp'
"C:\Program Files (x86)\CMake\bin\cmake.exe" -E cmake_progress_report C:\Users\subhan\Desktop\led_analyzer\testbin\external\libusb\libusb-1.0.19\src\TARGET_libusb-build\CMakeFiles\CMakeTmp\CMakeFiles 1
Building C object CMakeFiles/cmTryCompileExec257302093.dir/CheckIncludeFiles.c.obj
C:\TDM-GCC-64\bin\gcc.exe   -m64    -o CMakeFiles\cmTryCompileExec257302093.dir\CheckIncludeFiles.c.obj   -c C:\Users\subhan\Desktop\led_analyzer\testbin\external\libusb\libusb-1.0.19\src\TARGET_libusb-build\CMakeFiles\CMakeTmp\CheckIncludeFiles.c
C:\Users\subhan\Desktop\led_analyzer\testbin\external\libusb\libusb-1.0.19\src\TARGET_libusb-build\CMakeFiles\CMakeTmp\CheckIncludeFiles.c:2:19: fatal error: dlfcn.h: No such file or directory
 #include <dlfcn.h>
                   ^
compilation terminated.
CMakeFiles\cmTryCompileExec257302093.dir\build.make:56: recipe for target 'CMakeFiles/cmTryCompileExec257302093.dir/CheckIncludeFiles.c.obj' failed
mingw32-make.exe[4]: *** [CMakeFiles/cmTryCompileExec257302093.dir/CheckIncludeFiles.c.obj] Error 1
mingw32-make.exe[4]: Leaving directory 'C:/Users/subhan/Desktop/led_analyzer/testbin/external/libusb/libusb-1.0.19/src/TARGET_libusb-build/CMakeFiles/CMakeTmp'
Makefile:117: recipe for target 'cmTryCompileExec257302093/fast' failed
mingw32-make.exe[3]: *** [cmTryCompileExec257302093/fast] Error 2
mingw32-make.exe[3]: Leaving directory 'C:/Users/subhan/Desktop/led_analyzer/testbin/external/libusb/libusb-1.0.19/src/TARGET_libusb-build/CMakeFiles/CMakeTmp'

Source:
/* */
#include <dlfcn.h>


int main(){return 0;}

Determining if the function udev_new exists in the udev failed with the following output:
Change Dir: C:/Users/subhan/Desktop/led_analyzer/testbin/external/libusb/libusb-1.0.19/src/TARGET_libusb-build/CMakeFiles/CMakeTmp

Run Build Command:"C:/TDM-GCC-64/bin/mingw32-make.exe" "cmTryCompileExec2548550478/fast"
mingw32-make.exe[3]: Entering directory 'C:/Users/subhan/Desktop/led_analyzer/testbin/external/libusb/libusb-1.0.19/src/TARGET_libusb-build/CMakeFiles/CMakeTmp'
C:/TDM-GCC-64/bin/mingw32-make.exe -f CMakeFiles\cmTryCompileExec2548550478.dir\build.make CMakeFiles/cmTryCompileExec2548550478.dir/build
mingw32-make.exe[4]: Entering directory 'C:/Users/subhan/Desktop/led_analyzer/testbin/external/libusb/libusb-1.0.19/src/TARGET_libusb-build/CMakeFiles/CMakeTmp'
"C:\Program Files (x86)\CMake\bin\cmake.exe" -E cmake_progress_report C:\Users\subhan\Desktop\led_analyzer\testbin\external\libusb\libusb-1.0.19\src\TARGET_libusb-build\CMakeFiles\CMakeTmp\CMakeFiles 1
Building C object CMakeFiles/cmTryCompileExec2548550478.dir/CheckFunctionExists.c.obj
C:\TDM-GCC-64\bin\gcc.exe   -m64 -DCHECK_FUNCTION_EXISTS=udev_new   -o CMakeFiles\cmTryCompileExec2548550478.dir\CheckFunctionExists.c.obj   -c "C:\Program Files (x86)\CMake\share\cmake-3.0\Modules\CheckFunctionExists.c"
Linking C executable cmTryCompileExec2548550478.exe
"C:\Program Files (x86)\CMake\bin\cmake.exe" -E cmake_link_script CMakeFiles\cmTryCompileExec2548550478.dir\link.txt --verbose=1
"C:\Program Files (x86)\CMake\bin\cmake.exe" -E remove -f CMakeFiles\cmTryCompileExec2548550478.dir/objects.a
C:\TDM-GCC-64\bin\ar.exe cr CMakeFiles\cmTryCompileExec2548550478.dir/objects.a @CMakeFiles\cmTryCompileExec2548550478.dir\objects1.rsp
C:\TDM-GCC-64\bin\gcc.exe  -m64 -DCHECK_FUNCTION_EXISTS=udev_new    -Wl,--whole-archive CMakeFiles\cmTryCompileExec2548550478.dir/objects.a -Wl,--no-whole-archive  -o cmTryCompileExec2548550478.exe -Wl,--out-implib,libcmTryCompileExec2548550478.dll.a -Wl,--major-image-version,0,--minor-image-version,0  -ludev -lkernel32 -luser32 -lgdi32 -lwinspool -lshell32 -lole32 -loleaut32 -luuid -lcomdlg32 -ladvapi32 
C:/TDM-GCC-64/bin/../lib/gcc/x86_64-w64-mingw32/4.9.2/../../../../x86_64-w64-mingw32/bin/ld.exe: cannot find -ludev
collect2.exe: error: ld returned 1 exit status
CMakeFiles\cmTryCompileExec2548550478.dir\build.make:88: recipe for target 'cmTryCompileExec2548550478.exe' failed
mingw32-make.exe[4]: *** [cmTryCompileExec2548550478.exe] Error 1
mingw32-make.exe[4]: Leaving directory 'C:/Users/subhan/Desktop/led_analyzer/testbin/external/libusb/libusb-1.0.19/src/TARGET_libusb-build/CMakeFiles/CMakeTmp'
Makefile:117: recipe for target 'cmTryCompileExec2548550478/fast' failed
mingw32-make.exe[3]: *** [cmTryCompileExec2548550478/fast] Error 2
mingw32-make.exe[3]: Leaving directory 'C:/Users/subhan/Desktop/led_analyzer/testbin/external/libusb/libusb-1.0.19/src/TARGET_libusb-build/CMakeFiles/CMakeTmp'


Determining if files libudev.h exist failed with the following output:
Change Dir: C:/Users/subhan/Desktop/led_analyzer/testbin/external/libusb/libusb-1.0.19/src/TARGET_libusb-build/CMakeFiles/CMakeTmp

Run Build Command:"C:/TDM-GCC-64/bin/mingw32-make.exe" "cmTryCompileExec2066894526/fast"
mingw32-make.exe[3]: Entering directory 'C:/Users/subhan/Desktop/led_analyzer/testbin/external/libusb/libusb-1.0.19/src/TARGET_libusb-build/CMakeFiles/CMakeTmp'
C:/TDM-GCC-64/bin/mingw32-make.exe -f CMakeFiles\cmTryCompileExec2066894526.dir\build.make CMakeFiles/cmTryCompileExec2066894526.dir/build
mingw32-make.exe[4]: Entering directory 'C:/Users/subhan/Desktop/led_analyzer/testbin/external/libusb/libusb-1.0.19/src/TARGET_libusb-build/CMakeFiles/CMakeTmp'
"C:\Program Files (x86)\CMake\bin\cmake.exe" -E cmake_progress_report C:\Users\subhan\Desktop\led_analyzer\testbin\external\libusb\libusb-1.0.19\src\TARGET_libusb-build\CMakeFiles\CMakeTmp\CMakeFiles 1
Building C object CMakeFiles/cmTryCompileExec2066894526.dir/CheckIncludeFiles.c.obj
C:\TDM-GCC-64\bin\gcc.exe   -m64    -o CMakeFiles\cmTryCompileExec2066894526.dir\CheckIncludeFiles.c.obj   -c C:\Users\subhan\Desktop\led_analyzer\testbin\external\libusb\libusb-1.0.19\src\TARGET_libusb-build\CMakeFiles\CMakeTmp\CheckIncludeFiles.c
C:\Users\subhan\Desktop\led_analyzer\testbin\external\libusb\libusb-1.0.19\src\TARGET_libusb-build\CMakeFiles\CMakeTmp\CheckIncludeFiles.c:2:21: fatal error: libudev.h: No such file or directory
 #include <libudev.h>
                     ^
compilation terminated.
CMakeFiles\cmTryCompileExec2066894526.dir\build.make:56: recipe for target 'CMakeFiles/cmTryCompileExec2066894526.dir/CheckIncludeFiles.c.obj' failed
mingw32-make.exe[4]: *** [CMakeFiles/cmTryCompileExec2066894526.dir/CheckIncludeFiles.c.obj] Error 1
mingw32-make.exe[4]: Leaving directory 'C:/Users/subhan/Desktop/led_analyzer/testbin/external/libusb/libusb-1.0.19/src/TARGET_libusb-build/CMakeFiles/CMakeTmp'
Makefile:117: recipe for target 'cmTryCompileExec2066894526/fast' failed
mingw32-make.exe[3]: *** [cmTryCompileExec2066894526/fast] Error 2
mingw32-make.exe[3]: Leaving directory 'C:/Users/subhan/Desktop/led_analyzer/testbin/external/libusb/libusb-1.0.19/src/TARGET_libusb-build/CMakeFiles/CMakeTmp'

Source:
/* */
#include <libudev.h>


int main(){return 0;}

Determining if files poll.h exist failed with the following output:
Change Dir: C:/Users/subhan/Desktop/led_analyzer/testbin/external/libusb/libusb-1.0.19/src/TARGET_libusb-build/CMakeFiles/CMakeTmp

Run Build Command:"C:/TDM-GCC-64/bin/mingw32-make.exe" "cmTryCompileExec568370254/fast"
mingw32-make.exe[3]: Entering directory 'C:/Users/subhan/Desktop/led_analyzer/testbin/external/libusb/libusb-1.0.19/src/TARGET_libusb-build/CMakeFiles/CMakeTmp'
C:/TDM-GCC-64/bin/mingw32-make.exe -f CMakeFiles\cmTryCompileExec568370254.dir\build.make CMakeFiles/cmTryCompileExec568370254.dir/build
mingw32-make.exe[4]: Entering directory 'C:/Users/subhan/Desktop/led_analyzer/testbin/external/libusb/libusb-1.0.19/src/TARGET_libusb-build/CMakeFiles/CMakeTmp'
"C:\Program Files (x86)\CMake\bin\cmake.exe" -E cmake_progress_report C:\Users\subhan\Desktop\led_analyzer\testbin\external\libusb\libusb-1.0.19\src\TARGET_libusb-build\CMakeFiles\CMakeTmp\CMakeFiles 1
Building C object CMakeFiles/cmTryCompileExec568370254.dir/CheckIncludeFiles.c.obj
C:\TDM-GCC-64\bin\gcc.exe   -m64    -o CMakeFiles\cmTryCompileExec568370254.dir\CheckIncludeFiles.c.obj   -c C:\Users\subhan\Desktop\led_analyzer\testbin\external\libusb\libusb-1.0.19\src\TARGET_libusb-build\CMakeFiles\CMakeTmp\CheckIncludeFiles.c
C:\Users\subhan\Desktop\led_analyzer\testbin\external\libusb\libusb-1.0.19\src\TARGET_libusb-build\CMakeFiles\CMakeTmp\CheckIncludeFiles.c:2:18: fatal error: poll.h: No such file or directory
 #include <poll.h>
                  ^
compilation terminated.
CMakeFiles\cmTryCompileExec568370254.dir\build.make:56: recipe for target 'CMakeFiles/cmTryCompileExec568370254.dir/CheckIncludeFiles.c.obj' failed
mingw32-make.exe[4]: *** [CMakeFiles/cmTryCompileExec568370254.dir/CheckIncludeFiles.c.obj] Error 1
mingw32-make.exe[4]: Leaving directory 'C:/Users/subhan/Desktop/led_analyzer/testbin/external/libusb/libusb-1.0.19/src/TARGET_libusb-build/CMakeFiles/CMakeTmp'
Makefile:117: recipe for target 'cmTryCompileExec568370254/fast' failed
mingw32-make.exe[3]: *** [cmTryCompileExec568370254/fast] Error 2
mingw32-make.exe[3]: Leaving directory 'C:/Users/subhan/Desktop/led_analyzer/testbin/external/libusb/libusb-1.0.19/src/TARGET_libusb-build/CMakeFiles/CMakeTmp'

Source:
/* */
#include <poll.h>


int main(){return 0;}

Determining if the function syslog exists failed with the following output:
Change Dir: C:/Users/subhan/Desktop/led_analyzer/testbin/external/libusb/libusb-1.0.19/src/TARGET_libusb-build/CMakeFiles/CMakeTmp

Run Build Command:"C:/TDM-GCC-64/bin/mingw32-make.exe" "cmTryCompileExec2381189299/fast"
mingw32-make.exe[3]: Entering directory 'C:/Users/subhan/Desktop/led_analyzer/testbin/external/libusb/libusb-1.0.19/src/TARGET_libusb-build/CMakeFiles/CMakeTmp'
C:/TDM-GCC-64/bin/mingw32-make.exe -f CMakeFiles\cmTryCompileExec2381189299.dir\build.make CMakeFiles/cmTryCompileExec2381189299.dir/build
mingw32-make.exe[4]: Entering directory 'C:/Users/subhan/Desktop/led_analyzer/testbin/external/libusb/libusb-1.0.19/src/TARGET_libusb-build/CMakeFiles/CMakeTmp'
"C:\Program Files (x86)\CMake\bin\cmake.exe" -E cmake_progress_report C:\Users\subhan\Desktop\led_analyzer\testbin\external\libusb\libusb-1.0.19\src\TARGET_libusb-build\CMakeFiles\CMakeTmp\CMakeFiles 1
Building C object CMakeFiles/cmTryCompileExec2381189299.dir/CheckFunctionExists.c.obj
C:\TDM-GCC-64\bin\gcc.exe   -m64 -DCHECK_FUNCTION_EXISTS=syslog   -o CMakeFiles\cmTryCompileExec2381189299.dir\CheckFunctionExists.c.obj   -c "C:\Program Files (x86)\CMake\share\cmake-3.0\Modules\CheckFunctionExists.c"
Linking C executable cmTryCompileExec2381189299.exe
"C:\Program Files (x86)\CMake\bin\cmake.exe" -E cmake_link_script CMakeFiles\cmTryCompileExec2381189299.dir\link.txt --verbose=1
"C:\Program Files (x86)\CMake\bin\cmake.exe" -E remove -f CMakeFiles\cmTryCompileExec2381189299.dir/objects.a
C:\TDM-GCC-64\bin\ar.exe cr CMakeFiles\cmTryCompileExec2381189299.dir/objects.a @CMakeFiles\cmTryCompileExec2381189299.dir\objects1.rsp
C:\TDM-GCC-64\bin\gcc.exe  -m64 -DCHECK_FUNCTION_EXISTS=syslog    -Wl,--whole-archive CMakeFiles\cmTryCompileExec2381189299.dir/objects.a -Wl,--no-whole-archive  -o cmTryCompileExec2381189299.exe -Wl,--out-implib,libcmTryCompileExec2381189299.dll.a -Wl,--major-image-version,0,--minor-image-version,0  -lkernel32 -luser32 -lgdi32 -lwinspool -lshell32 -lole32 -loleaut32 -luuid -lcomdlg32 -ladvapi32 
CMakeFiles\cmTryCompileExec2381189299.dir/objects.a(CheckFunctionExists.c.obj):CheckFunctionExists.c:(.text+0x15): undefined reference to `syslog'
collect2.exe: error: ld returned 1 exit status
CMakeFiles\cmTryCompileExec2381189299.dir\build.make:88: recipe for target 'cmTryCompileExec2381189299.exe' failed
mingw32-make.exe[4]: *** [cmTryCompileExec2381189299.exe] Error 1
mingw32-make.exe[4]: Leaving directory 'C:/Users/subhan/Desktop/led_analyzer/testbin/external/libusb/libusb-1.0.19/src/TARGET_libusb-build/CMakeFiles/CMakeTmp'
Makefile:117: recipe for target 'cmTryCompileExec2381189299/fast' failed
mingw32-make.exe[3]: *** [cmTryCompileExec2381189299/fast] Error 2
mingw32-make.exe[3]: Leaving directory 'C:/Users/subhan/Desktop/led_analyzer/testbin/external/libusb/libusb-1.0.19/src/TARGET_libusb-build/CMakeFiles/CMakeTmp'


Determining if files syslog.h exist failed with the following output:
Change Dir: C:/Users/subhan/Desktop/led_analyzer/testbin/external/libusb/libusb-1.0.19/src/TARGET_libusb-build/CMakeFiles/CMakeTmp

Run Build Command:"C:/TDM-GCC-64/bin/mingw32-make.exe" "cmTryCompileExec2577016870/fast"
mingw32-make.exe[3]: Entering directory 'C:/Users/subhan/Desktop/led_analyzer/testbin/external/libusb/libusb-1.0.19/src/TARGET_libusb-build/CMakeFiles/CMakeTmp'
C:/TDM-GCC-64/bin/mingw32-make.exe -f CMakeFiles\cmTryCompileExec2577016870.dir\build.make CMakeFiles/cmTryCompileExec2577016870.dir/build
mingw32-make.exe[4]: Entering directory 'C:/Users/subhan/Desktop/led_analyzer/testbin/external/libusb/libusb-1.0.19/src/TARGET_libusb-build/CMakeFiles/CMakeTmp'
"C:\Program Files (x86)\CMake\bin\cmake.exe" -E cmake_progress_report C:\Users\subhan\Desktop\led_analyzer\testbin\external\libusb\libusb-1.0.19\src\TARGET_libusb-build\CMakeFiles\CMakeTmp\CMakeFiles 1
Building C object CMakeFiles/cmTryCompileExec2577016870.dir/CheckIncludeFiles.c.obj
C:\TDM-GCC-64\bin\gcc.exe   -m64    -o CMakeFiles\cmTryCompileExec2577016870.dir\CheckIncludeFiles.c.obj   -c C:\Users\subhan\Desktop\led_analyzer\testbin\external\libusb\libusb-1.0.19\src\TARGET_libusb-build\CMakeFiles\CMakeTmp\CheckIncludeFiles.c
C:\Users\subhan\Desktop\led_analyzer\testbin\external\libusb\libusb-1.0.19\src\TARGET_libusb-build\CMakeFiles\CMakeTmp\CheckIncludeFiles.c:2:20: fatal error: syslog.h: No such file or directory
 #include <syslog.h>
                    ^
compilation terminated.
CMakeFiles\cmTryCompileExec2577016870.dir\build.make:56: recipe for target 'CMakeFiles/cmTryCompileExec2577016870.dir/CheckIncludeFiles.c.obj' failed
mingw32-make.exe[4]: *** [CMakeFiles/cmTryCompileExec2577016870.dir/CheckIncludeFiles.c.obj] Error 1
mingw32-make.exe[4]: Leaving directory 'C:/Users/subhan/Desktop/led_analyzer/testbin/external/libusb/libusb-1.0.19/src/TARGET_libusb-build/CMakeFiles/CMakeTmp'
Makefile:117: recipe for target 'cmTryCompileExec2577016870/fast' failed
mingw32-make.exe[3]: *** [cmTryCompileExec2577016870/fast] Error 2
mingw32-make.exe[3]: Leaving directory 'C:/Users/subhan/Desktop/led_analyzer/testbin/external/libusb/libusb-1.0.19/src/TARGET_libusb-build/CMakeFiles/CMakeTmp'

Source:
/* */
#include <syslog.h>


int main(){return 0;}

Determining if files sys/timerfd.h exist failed with the following output:
Change Dir: C:/Users/subhan/Desktop/led_analyzer/testbin/external/libusb/libusb-1.0.19/src/TARGET_libusb-build/CMakeFiles/CMakeTmp

Run Build Command:"C:/TDM-GCC-64/bin/mingw32-make.exe" "cmTryCompileExec3430374437/fast"
mingw32-make.exe[3]: Entering directory 'C:/Users/subhan/Desktop/led_analyzer/testbin/external/libusb/libusb-1.0.19/src/TARGET_libusb-build/CMakeFiles/CMakeTmp'
C:/TDM-GCC-64/bin/mingw32-make.exe -f CMakeFiles\cmTryCompileExec3430374437.dir\build.make CMakeFiles/cmTryCompileExec3430374437.dir/build
mingw32-make.exe[4]: Entering directory 'C:/Users/subhan/Desktop/led_analyzer/testbin/external/libusb/libusb-1.0.19/src/TARGET_libusb-build/CMakeFiles/CMakeTmp'
"C:\Program Files (x86)\CMake\bin\cmake.exe" -E cmake_progress_report C:\Users\subhan\Desktop\led_analyzer\testbin\external\libusb\libusb-1.0.19\src\TARGET_libusb-build\CMakeFiles\CMakeTmp\CMakeFiles 1
Building C object CMakeFiles/cmTryCompileExec3430374437.dir/CheckIncludeFiles.c.obj
C:\TDM-GCC-64\bin\gcc.exe   -m64    -o CMakeFiles\cmTryCompileExec3430374437.dir\CheckIncludeFiles.c.obj   -c C:\Users\subhan\Desktop\led_analyzer\testbin\external\libusb\libusb-1.0.19\src\TARGET_libusb-build\CMakeFiles\CMakeTmp\CheckIncludeFiles.c
C:\Users\subhan\Desktop\led_analyzer\testbin\external\libusb\libusb-1.0.19\src\TARGET_libusb-build\CMakeFiles\CMakeTmp\CheckIncludeFiles.c:2:25: fatal error: sys/timerfd.h: No such file or directory
 #include <sys/timerfd.h>
                         ^
compilation terminated.
CMakeFiles\cmTryCompileExec3430374437.dir\build.make:56: recipe for target 'CMakeFiles/cmTryCompileExec3430374437.dir/CheckIncludeFiles.c.obj' failed
mingw32-make.exe[4]: *** [CMakeFiles/cmTryCompileExec3430374437.dir/CheckIncludeFiles.c.obj] Error 1
mingw32-make.exe[4]: Leaving directory 'C:/Users/subhan/Desktop/led_analyzer/testbin/external/libusb/libusb-1.0.19/src/TARGET_libusb-build/CMakeFiles/CMakeTmp'
Makefile:117: recipe for target 'cmTryCompileExec3430374437/fast' failed
mingw32-make.exe[3]: *** [cmTryCompileExec3430374437/fast] Error 2
mingw32-make.exe[3]: Leaving directory 'C:/Users/subhan/Desktop/led_analyzer/testbin/external/libusb/libusb-1.0.19/src/TARGET_libusb-build/CMakeFiles/CMakeTmp'

Source:
/* */
#include <sys/timerfd.h>


int main(){return 0;}

